<?xml version="1.0" encoding="UTF-8"?>
<testng-results skipped="0" failed="0" ignored="0" total="1" passed="1">
  <reporter-output>
  </reporter-output>
  <suite name="Default suite" duration-ms="82099" started-at="2019-09-09T10:22:55Z" finished-at="2019-09-09T10:24:17Z">
    <groups>
    </groups>
    <test name="Default test" duration-ms="82099" started-at="2019-09-09T10:22:55Z" finished-at="2019-09-09T10:24:17Z">
      <class name="com.training.sanity.tests.TC04">
        <test-method status="PASS" signature="setUpBeforeClass()[pri:0, instance:com.training.sanity.tests.TC04@1593948d]" name="setUpBeforeClass" is-config="true" duration-ms="15" started-at="2019-09-09T15:52:55Z" finished-at="2019-09-09T15:52:55Z">
          <reporter-output>
          </reporter-output>
        </test-method> <!-- setUpBeforeClass -->
        <test-method status="PASS" signature="setUp()[pri:0, instance:com.training.sanity.tests.TC04@1593948d]" name="setUp" is-config="true" duration-ms="42699" started-at="2019-09-09T15:52:55Z" finished-at="2019-09-09T15:53:37Z">
          <reporter-output>
          </reporter-output>
        </test-method> <!-- setUp -->
        <test-method status="PASS" signature="AddPropertyTest()[pri:0, instance:com.training.sanity.tests.TC04@1593948d]" name="AddPropertyTest" duration-ms="39360" started-at="2019-09-09T15:53:37Z" finished-at="2019-09-09T15:54:17Z">
          <reporter-output>
          </reporter-output>
        </test-method> <!-- AddPropertyTest -->
      </class> <!-- com.training.sanity.tests.TC04 -->
    </test> <!-- Default test -->
  </suite> <!-- Default suite -->
</testng-results>
